20200
11560
13234
14295
9344
12814
13370
17649
11624
9015
14918
13110
15015
19368
13004
13414
11725
8281
15651
15846
20886
21707
8989
17596
21981
15560
16416
19986
19793
12952
23311
8208
16336
17638
15594
10111
11899
12521
13180
12320
18700
14139
11461
25522
22028
28934
25621
10218
21608
19965
21121
12885
16366
14835
16880
9170
13400
19169
14400
19745
20955
14191
18128
15266
11305
7495
11664
19502
15806
15546
12233
10296
28329
13473
17662
18901
13726
22458
23113
10527
16612
21470
20906
21930
23019
10649
19777
9188
5545
16006
10073
16750
19941
24949
26271
15729
15726
20172
22977
20775
16305
23240
15696
14121
19928
20183
16782
23073
17487
8598
20436
12327
13417
14372
20369
18731
11930
18397
8060
24057
15741
12948
16048
23773
19374
14117
12295
9694
18398
14459
19278
23708
9207
17203
14373
19369
16944
14166
17534
10733
6264
11959
10074
10694
14200
11192
5522
20498
14665
21203
17639
10175
11221
12206
17337
24153
18507
13886
17717
9696
16170
15136
13404
13006
16597
14031
12080
3984
15458
11648
22990
22812
14662
20337
27433
15887
26488
15704
18885
18133
19608
24792
18997
10937
13700
19122
20266
18325
20151
10024
7278
1501
17272
16988
16297
11802
23378
25299
14334
17629
9201
12295
17142
15835
24858
14631
18179
18597
9825
22559
17128
14132
21574
17164
17610
12668
21769
21744
18766
24074
9939
23345
17564
21839
21344
10003
21225
17607
9775
12449
13744
22195
15502
21640
13802
16468
20345
10976
20362
14025
18646
22216
13149
16489
16838
5710
16122
24636
18931
11353
14522
19074
14429
20849
19765
10198
8618
12366
21191
9482
6660
12895
12105
20197
11458
7237
15822
15892
14671
15877
9070
23842
27438
19905
16283
16924
9403
8829
16873
20619
22600
20352
24971
20759
10638
12099
9897
17524
13052
11151
15985
7373
19200
11913
17930
8375
23400
17818
19491
8696
