127487.018003 127487.018003
185.370000 185.370000
345113.866463 345113.866463
192.900000 192.900000
83.980000 83.980000
209.870000 209.870000
183338.975719 183338.975719
111828.913622 111828.913622
154672.960220 154672.960220
368.030000 368.030000
962527.296420 962527.296420
63.380000 63.380000
377.040000 377.040000
280.930000 280.930000
199275.922183 199275.922183
671595.852985 671595.852985
296.190000 296.190000
181.740000 181.740000
333240.188165 333240.188165
147.420000 147.420000
181.080000 181.080000
626213.388358 626213.388358
219.650000 219.650000
385833.303990 385833.303990
242.640000 242.640000
238584.886955 238584.886955
62.400000 62.400000
328.580000 328.580000
417.760000 417.760000
518491.587653 518491.587653
435445.204713 435445.204713
803892.282889 803892.282889
511.560000 511.560000
43.360000 43.360000
1031270.921338 1031270.921338
493.450000 493.450000
446.960000 446.960000
917.390000 917.390000
334.150000 334.150000
236.750000 236.750000
539172.581522 539172.581522
603269.949139 603269.949139
642747.021718 642747.021718
551611.613088 551611.613088
608.280000 608.280000
157.850000 157.850000
674111.392667 674111.392667
171919.509423 171919.509423
230609.786865 230609.786865
330.730000 330.730000
420568.640728 420568.640728
118065.552345 118065.552345
576869.133538 576869.133538
496.850000 496.850000
40.610000 40.610000
433.930000 433.930000
146.560000 146.560000
376954.265679 376954.265679
40.740000 40.740000
114.350000 114.350000
569.930000 569.930000
561.730000 561.730000
438816.563105 438816.563105
143542.778098 143542.778098
255962.294114 255962.294114
343.680000 343.680000
420.200000 420.200000
350.210000 350.210000
579497.466771 579497.466771
76701.298947 76701.298947
188.210000 188.210000
548352.791240 548352.791240
136840.948321 136840.948321
477873.963629 477873.963629
83.400000 83.400000
451.380000 451.380000
776007.570160 776007.570160
123390.388157 123390.388157
85.680000 85.680000
531.360000 531.360000
11.010000 11.010000
424052.877824 424052.877824
459.060000 459.060000
3402.194753 3402.194753
80640.689938 80640.689938
105.680000 105.680000
571.590000 571.590000
193670.793784 193670.793784
262.130000 262.130000
697783.721844 697783.721844
763.470000 763.470000
197.520000 197.520000
124.420000 124.420000
15.300000 15.300000
508.630000 508.630000
855940.064355 855940.064355
116.860000 116.860000
349.610000 349.610000
909850.865421 909850.865421
323042.515609 323042.515609
